<?xml version="1.0" encoding="UTF-8" ?>
<testsuite failures="0" time="4.038" errors="0" skipped="0" tests="11" name="com.jsmadja.wall.hudsonclient.HudsonTest">
  <properties>
    <property name="java.runtime.name" value="Java(TM) SE Runtime Environment"/>
    <property name="sun.boot.library.path" value="/System/Library/Java/JavaVirtualMachines/1.6.0.jdk/Contents/Libraries"/>
    <property name="java.vm.version" value="17.1-b03-307"/>
    <property name="awt.nativeDoubleBuffering" value="true"/>
    <property name="gopherProxySet" value="false"/>
    <property name="mrj.build" value="10M3261"/>
    <property name="java.vm.vendor" value="Apple Inc."/>
    <property name="java.vendor.url" value="http://www.apple.com/"/>
    <property name="path.separator" value=":"/>
    <property name="java.vm.name" value="Java HotSpot(TM) 64-Bit Server VM"/>
    <property name="file.encoding.pkg" value="sun.io"/>
    <property name="user.country" value="FR"/>
    <property name="sun.java.launcher" value="SUN_STANDARD"/>
    <property name="sun.os.patch.level" value="unknown"/>
    <property name="java.vm.specification.name" value="Java Virtual Machine Specification"/>
    <property name="user.dir" value="/Users/juliensmadja/Documents/workspace_on/project-wall/hudsonclient"/>
    <property name="java.runtime.version" value="1.6.0_22-b04-307-10M3261"/>
    <property name="java.awt.graphicsenv" value="apple.awt.CGraphicsEnvironment"/>
    <property name="basedir" value="/Users/juliensmadja/Documents/workspace_on/project-wall/hudsonclient"/>
    <property name="java.endorsed.dirs" value="/System/Library/Java/JavaVirtualMachines/1.6.0.jdk/Contents/Home/lib/endorsed"/>
    <property name="os.arch" value="x86_64"/>
    <property name="surefire.real.class.path" value="/Users/juliensmadja/Documents/workspace_on/project-wall/hudsonclient/target/surefire/surefirebooter8233580134930801368.jar"/>
    <property name="java.io.tmpdir" value="/var/folders/0y/0yjnGAGkHtmxcs1-m4tgcU+++TI/-Tmp-/"/>
    <property name="line.separator" value="
"/>
    <property name="java.vm.specification.vendor" value="Sun Microsystems Inc."/>
    <property name="os.name" value="Mac OS X"/>
    <property name="sun.jnu.encoding" value="MacRoman"/>
    <property name="java.library.path" value=".:/Library/Java/Extensions:/System/Library/Java/Extensions:/usr/lib/java"/>
    <property name="surefire.test.class.path" value="/Users/juliensmadja/Documents/workspace_on/project-wall/hudsonclient/target/test-classes:/Users/juliensmadja/Documents/workspace_on/project-wall/hudsonclient/target/classes:/Users/juliensmadja/.m2/repository/junit/junit/4.8.1/junit-4.8.1.jar:/Users/juliensmadja/.m2/repository/com/google/guava/guava/r07/guava-r07.jar:/Users/juliensmadja/.m2/repository/com/sun/jersey/jersey-client/1.4/jersey-client-1.4.jar:/Users/juliensmadja/.m2/repository/com/sun/jersey/jersey-core/1.4/jersey-core-1.4.jar:/Users/juliensmadja/.m2/repository/org/slf4j/slf4j-api/1.6.1/slf4j-api-1.6.1.jar:/Users/juliensmadja/.m2/repository/com/googlecode/sli4j/sli4j-slf4j-logback/2.0/sli4j-slf4j-logback-2.0.jar:/Users/juliensmadja/.m2/repository/com/googlecode/sli4j/sli4j-core/2.0/sli4j-core-2.0.jar:/Users/juliensmadja/.m2/repository/com/google/inject/guice/2.0/guice-2.0.jar:/Users/juliensmadja/.m2/repository/aopalliance/aopalliance/1.0/aopalliance-1.0.jar:/Users/juliensmadja/.m2/repository/ch/qos/logback/logback-classic/0.9.18/logback-classic-0.9.18.jar:/Users/juliensmadja/.m2/repository/ch/qos/logback/logback-core/0.9.18/logback-core-0.9.18.jar:/Users/juliensmadja/.m2/repository/joda-time/joda-time/1.6.2/joda-time-1.6.2.jar:"/>
    <property name="java.specification.name" value="Java Platform API Specification"/>
    <property name="java.class.version" value="50.0"/>
    <property name="sun.management.compiler" value="HotSpot 64-Bit Server Compiler"/>
    <property name="os.version" value="10.6.6"/>
    <property name="http.nonProxyHosts" value="local|*.local|169.254/16|*.169.254/16"/>
    <property name="user.home" value="/Users/juliensmadja"/>
    <property name="user.timezone" value="Europe/Paris"/>
    <property name="java.awt.printerjob" value="apple.awt.CPrinterJob"/>
    <property name="java.specification.version" value="1.6"/>
    <property name="file.encoding" value="MacRoman"/>
    <property name="user.name" value="juliensmadja"/>
    <property name="java.class.path" value="/Users/juliensmadja/Documents/workspace_on/project-wall/hudsonclient/target/test-classes:/Users/juliensmadja/Documents/workspace_on/project-wall/hudsonclient/target/classes:/Users/juliensmadja/.m2/repository/junit/junit/4.8.1/junit-4.8.1.jar:/Users/juliensmadja/.m2/repository/com/google/guava/guava/r07/guava-r07.jar:/Users/juliensmadja/.m2/repository/com/sun/jersey/jersey-client/1.4/jersey-client-1.4.jar:/Users/juliensmadja/.m2/repository/com/sun/jersey/jersey-core/1.4/jersey-core-1.4.jar:/Users/juliensmadja/.m2/repository/org/slf4j/slf4j-api/1.6.1/slf4j-api-1.6.1.jar:/Users/juliensmadja/.m2/repository/com/googlecode/sli4j/sli4j-slf4j-logback/2.0/sli4j-slf4j-logback-2.0.jar:/Users/juliensmadja/.m2/repository/com/googlecode/sli4j/sli4j-core/2.0/sli4j-core-2.0.jar:/Users/juliensmadja/.m2/repository/com/google/inject/guice/2.0/guice-2.0.jar:/Users/juliensmadja/.m2/repository/aopalliance/aopalliance/1.0/aopalliance-1.0.jar:/Users/juliensmadja/.m2/repository/ch/qos/logback/logback-classic/0.9.18/logback-classic-0.9.18.jar:/Users/juliensmadja/.m2/repository/ch/qos/logback/logback-core/0.9.18/logback-core-0.9.18.jar:/Users/juliensmadja/.m2/repository/joda-time/joda-time/1.6.2/joda-time-1.6.2.jar:"/>
    <property name="java.vm.specification.version" value="1.0"/>
    <property name="sun.arch.data.model" value="64"/>
    <property name="java.home" value="/System/Library/Java/JavaVirtualMachines/1.6.0.jdk/Contents/Home"/>
    <property name="java.specification.vendor" value="Sun Microsystems Inc."/>
    <property name="user.language" value="fr"/>
    <property name="awt.toolkit" value="apple.awt.CToolkit"/>
    <property name="java.vm.info" value="mixed mode"/>
    <property name="java.version" value="1.6.0_22"/>
    <property name="java.ext.dirs" value="/Library/Java/Extensions:/System/Library/Java/Extensions:/System/Library/Java/JavaVirtualMachines/1.6.0.jdk/Contents/Home/lib/ext"/>
    <property name="sun.boot.class.path" value="/System/Library/Java/JavaVirtualMachines/1.6.0.jdk/Contents/Home/lib/endorsed/activation.jar:/System/Library/Java/JavaVirtualMachines/1.6.0.jdk/Contents/Home/lib/endorsed/jboss-annotations-api_1.1_spec.jar:/System/Library/Java/JavaVirtualMachines/1.6.0.jdk/Contents/Home/lib/endorsed/jboss-jaxb-api_2.2_spec.jar:/System/Library/Java/JavaVirtualMachines/1.6.0.jdk/Contents/Home/lib/endorsed/jboss-jaxws-api_2.2_spec.jar:/System/Library/Java/JavaVirtualMachines/1.6.0.jdk/Contents/Home/lib/endorsed/jbossws-cxf-factories.jar:/System/Library/Java/JavaVirtualMachines/1.6.0.jdk/Contents/Home/lib/endorsed/stax-api.jar:/System/Library/Java/JavaVirtualMachines/1.6.0.jdk/Contents/Classes/jsfd.jar:/System/Library/Java/JavaVirtualMachines/1.6.0.jdk/Contents/Classes/classes.jar:/System/Library/Frameworks/JavaVM.framework/Frameworks/JavaRuntimeSupport.framework/Resources/Java/JavaRuntimeSupport.jar:/System/Library/Java/JavaVirtualMachines/1.6.0.jdk/Contents/Classes/ui.jar:/System/Library/Java/JavaVirtualMachines/1.6.0.jdk/Contents/Classes/laf.jar:/System/Library/Java/JavaVirtualMachines/1.6.0.jdk/Contents/Classes/sunrsasign.jar:/System/Library/Java/JavaVirtualMachines/1.6.0.jdk/Contents/Classes/jsse.jar:/System/Library/Java/JavaVirtualMachines/1.6.0.jdk/Contents/Classes/jce.jar:/System/Library/Java/JavaVirtualMachines/1.6.0.jdk/Contents/Classes/charsets.jar"/>
    <property name="java.vendor" value="Apple Inc."/>
    <property name="localRepository" value="/Users/juliensmadja/.m2/repository"/>
    <property name="file.separator" value="/"/>
    <property name="java.vendor.url.bug" value="http://bugreport.apple.com/"/>
    <property name="sun.cpu.endian" value="little"/>
    <property name="sun.io.unicode.encoding" value="UnicodeLittle"/>
    <property name="mrj.version" value="1060.1.6.0_22-307"/>
    <property name="socksNonProxyHosts" value="local|*.local|169.254/16|*.169.254/16"/>
    <property name="ftp.nonProxyHosts" value="local|*.local|169.254/16|*.169.254/16"/>
    <property name="sun.cpu.isalist" value=""/>
  </properties>
  <testcase time="1.128" classname="com.jsmadja.wall.hudsonclient.HudsonTest" name="should_retrieve_projects_from_hudson"/>
  <testcase time="0.415" classname="com.jsmadja.wall.hudsonclient.HudsonTest" name="should_retrieve_projects_with_building_status"/>
  <testcase time="0.155" classname="com.jsmadja.wall.hudsonclient.HudsonTest" name="should_retrieve_build_with_last_commiters"/>
  <testcase time="0.186" classname="com.jsmadja.wall.hudsonclient.HudsonTest" name="should_retrieve_build_with_status"/>
  <testcase time="0.122" classname="com.jsmadja.wall.hudsonclient.HudsonTest" name="should_retrieve_build_start_time"/>
  <testcase time="0.213" classname="com.jsmadja.wall.hudsonclient.HudsonTest" name="should_retrieve_artifact_id"/>
  <testcase time="0.326" classname="com.jsmadja.wall.hudsonclient.HudsonTest" name="should_retrieve_projects_with_description"/>
  <testcase time="0.363" classname="com.jsmadja.wall.hudsonclient.HudsonTest" name="should_retrieve_average_build_duration_time"/>
  <testcase time="0.279" classname="com.jsmadja.wall.hudsonclient.HudsonTest" name="should_return_successful_build_numbers"/>
  <testcase time="0.709" classname="com.jsmadja.wall.hudsonclient.HudsonTest" name="should_retrieve_estimated_remaining_time"/>
  <testcase time="0.075" classname="com.jsmadja.wall.hudsonclient.HudsonTest" name="should_retrieve_test_result"/>
</testsuite>