<?xml version="1.0" encoding="UTF-8" ?>
<testsuite failures="0" time="4.974" errors="0" skipped="0" tests="11" name="com.jsmadja.wall.hudsonclient.HudsonTest">
  <properties>
    <property name="java.runtime.name" value="Java(TM) SE Runtime Environment"/>
    <property name="sun.boot.library.path" value="/DEV-ENV/bin/java/jdk1.6/jre/lib/amd64"/>
    <property name="java.vm.version" value="17.0-b16"/>
    <property name="java.vm.vendor" value="Sun Microsystems Inc."/>
    <property name="java.vendor.url" value="http://java.sun.com/"/>
    <property name="path.separator" value=":"/>
    <property name="java.vm.name" value="Java HotSpot(TM) 64-Bit Server VM"/>
    <property name="file.encoding.pkg" value="sun.io"/>
    <property name="user.country" value="FR"/>
    <property name="sun.java.launcher" value="SUN_STANDARD"/>
    <property name="sun.os.patch.level" value="unknown"/>
    <property name="java.vm.specification.name" value="Java Virtual Machine Specification"/>
    <property name="user.dir" value="/DEV-ENV/projs/jsmadja/project-wall/hudsonclient"/>
    <property name="java.runtime.version" value="1.6.0_21-b06"/>
    <property name="java.awt.graphicsenv" value="sun.awt.X11GraphicsEnvironment"/>
    <property name="basedir" value="/DEV-ENV/projs/jsmadja/project-wall/hudsonclient"/>
    <property name="java.endorsed.dirs" value="/DEV-ENV/bin/java/jdk1.6/jre/lib/endorsed"/>
    <property name="os.arch" value="amd64"/>
    <property name="surefire.real.class.path" value="/DEV-ENV/projs/jsmadja/project-wall/hudsonclient/target/surefire/surefirebooter3651357727097304469.jar"/>
    <property name="java.io.tmpdir" value="/tmp"/>
    <property name="line.separator" value="
"/>
    <property name="java.vm.specification.vendor" value="Sun Microsystems Inc."/>
    <property name="os.name" value="Linux"/>
    <property name="sun.jnu.encoding" value="UTF-8"/>
    <property name="java.library.path" value="/DEV-ENV/bin/java/jdk1.6/jre/lib/amd64/server:/DEV-ENV/bin/java/jdk1.6/jre/lib/amd64:/DEV-ENV/bin/java/jdk1.6/jre/../lib/amd64:/usr/java/packages/lib/amd64:/usr/lib64:/lib64:/lib:/usr/lib"/>
    <property name="surefire.test.class.path" value="/DEV-ENV/projs/jsmadja/project-wall/hudsonclient/target/test-classes:/DEV-ENV/projs/jsmadja/project-wall/hudsonclient/target/classes:/DEV-ENV/_m2/junit/junit/4.8.1/junit-4.8.1.jar:/DEV-ENV/_m2/com/google/guava/guava/r07/guava-r07.jar:/DEV-ENV/_m2/com/sun/jersey/jersey-client/1.4/jersey-client-1.4.jar:/DEV-ENV/_m2/com/sun/jersey/jersey-core/1.4/jersey-core-1.4.jar:/DEV-ENV/_m2/org/slf4j/slf4j-api/1.6.1/slf4j-api-1.6.1.jar:/DEV-ENV/_m2/com/googlecode/sli4j/sli4j-slf4j-logback/2.0/sli4j-slf4j-logback-2.0.jar:/DEV-ENV/_m2/com/googlecode/sli4j/sli4j-core/2.0/sli4j-core-2.0.jar:/DEV-ENV/_m2/com/google/inject/guice/2.0/guice-2.0.jar:/DEV-ENV/_m2/aopalliance/aopalliance/1.0/aopalliance-1.0.jar:/DEV-ENV/_m2/ch/qos/logback/logback-classic/0.9.18/logback-classic-0.9.18.jar:/DEV-ENV/_m2/ch/qos/logback/logback-core/0.9.18/logback-core-0.9.18.jar:/DEV-ENV/_m2/joda-time/joda-time/1.6.2/joda-time-1.6.2.jar:"/>
    <property name="java.specification.name" value="Java Platform API Specification"/>
    <property name="java.class.version" value="50.0"/>
    <property name="sun.management.compiler" value="HotSpot 64-Bit Server Compiler"/>
    <property name="os.version" value="2.6.35-25-generic"/>
    <property name="user.home" value="/home/n0"/>
    <property name="user.timezone" value="Europe/Paris"/>
    <property name="java.awt.printerjob" value="sun.print.PSPrinterJob"/>
    <property name="file.encoding" value="UTF-8"/>
    <property name="java.specification.version" value="1.6"/>
    <property name="user.name" value="n0"/>
    <property name="java.class.path" value="/DEV-ENV/projs/jsmadja/project-wall/hudsonclient/target/test-classes:/DEV-ENV/projs/jsmadja/project-wall/hudsonclient/target/classes:/DEV-ENV/_m2/junit/junit/4.8.1/junit-4.8.1.jar:/DEV-ENV/_m2/com/google/guava/guava/r07/guava-r07.jar:/DEV-ENV/_m2/com/sun/jersey/jersey-client/1.4/jersey-client-1.4.jar:/DEV-ENV/_m2/com/sun/jersey/jersey-core/1.4/jersey-core-1.4.jar:/DEV-ENV/_m2/org/slf4j/slf4j-api/1.6.1/slf4j-api-1.6.1.jar:/DEV-ENV/_m2/com/googlecode/sli4j/sli4j-slf4j-logback/2.0/sli4j-slf4j-logback-2.0.jar:/DEV-ENV/_m2/com/googlecode/sli4j/sli4j-core/2.0/sli4j-core-2.0.jar:/DEV-ENV/_m2/com/google/inject/guice/2.0/guice-2.0.jar:/DEV-ENV/_m2/aopalliance/aopalliance/1.0/aopalliance-1.0.jar:/DEV-ENV/_m2/ch/qos/logback/logback-classic/0.9.18/logback-classic-0.9.18.jar:/DEV-ENV/_m2/ch/qos/logback/logback-core/0.9.18/logback-core-0.9.18.jar:/DEV-ENV/_m2/joda-time/joda-time/1.6.2/joda-time-1.6.2.jar:"/>
    <property name="java.vm.specification.version" value="1.0"/>
    <property name="sun.arch.data.model" value="64"/>
    <property name="java.home" value="/DEV-ENV/bin/java/jdk1.6/jre"/>
    <property name="java.specification.vendor" value="Sun Microsystems Inc."/>
    <property name="user.language" value="fr"/>
    <property name="java.vm.info" value="mixed mode"/>
    <property name="java.version" value="1.6.0_21"/>
    <property name="java.ext.dirs" value="/DEV-ENV/bin/java/jdk1.6/jre/lib/ext:/usr/java/packages/lib/ext"/>
    <property name="sun.boot.class.path" value="/DEV-ENV/bin/java/jdk1.6/jre/lib/resources.jar:/DEV-ENV/bin/java/jdk1.6/jre/lib/rt.jar:/DEV-ENV/bin/java/jdk1.6/jre/lib/sunrsasign.jar:/DEV-ENV/bin/java/jdk1.6/jre/lib/jsse.jar:/DEV-ENV/bin/java/jdk1.6/jre/lib/jce.jar:/DEV-ENV/bin/java/jdk1.6/jre/lib/charsets.jar:/DEV-ENV/bin/java/jdk1.6/jre/classes"/>
    <property name="java.vendor" value="Sun Microsystems Inc."/>
    <property name="localRepository" value="/DEV-ENV/_m2"/>
    <property name="file.separator" value="/"/>
    <property name="java.vendor.url.bug" value="http://java.sun.com/cgi-bin/bugreport.cgi"/>
    <property name="sun.cpu.endian" value="little"/>
    <property name="sun.io.unicode.encoding" value="UnicodeLittle"/>
    <property name="sun.desktop" value="gnome"/>
    <property name="sun.cpu.isalist" value=""/>
  </properties>
  <testcase time="1.663" classname="com.jsmadja.wall.hudsonclient.HudsonTest" name="should_retrieve_projects_from_hudson"/>
  <testcase time="0.458" classname="com.jsmadja.wall.hudsonclient.HudsonTest" name="should_retrieve_projects_with_building_status"/>
  <testcase time="0.21" classname="com.jsmadja.wall.hudsonclient.HudsonTest" name="should_retrieve_build_with_last_commiters"/>
  <testcase time="0.256" classname="com.jsmadja.wall.hudsonclient.HudsonTest" name="should_retrieve_build_with_status"/>
  <testcase time="0.155" classname="com.jsmadja.wall.hudsonclient.HudsonTest" name="should_retrieve_build_start_time"/>
  <testcase time="0.244" classname="com.jsmadja.wall.hudsonclient.HudsonTest" name="should_retrieve_artifact_id"/>
  <testcase time="0.299" classname="com.jsmadja.wall.hudsonclient.HudsonTest" name="should_retrieve_projects_with_description"/>
  <testcase time="0.354" classname="com.jsmadja.wall.hudsonclient.HudsonTest" name="should_retrieve_average_build_duration_time"/>
  <testcase time="0.337" classname="com.jsmadja.wall.hudsonclient.HudsonTest" name="should_return_successful_build_numbers"/>
  <testcase time="0.717" classname="com.jsmadja.wall.hudsonclient.HudsonTest" name="should_retrieve_estimated_remaining_time"/>
  <testcase time="0.199" classname="com.jsmadja.wall.hudsonclient.HudsonTest" name="should_retrieve_test_result"/>
</testsuite>